2019-11-12 11:15:08,444 INFO ee.taltech.java1127.Java1127Application [restartedMain] Starting Java1127Application on MSI with PID 6760 (C:\Users\vladislav\Desktop\Programmes\Projects\it_second_year\iti0203-2019-java-infosystem\java-1127\out\production\classes started by vlad comp in C:\Users\vladislav\Desktop\Programmes\Projects\it_second_year\iti0203-2019-java-infosystem\java-1127)
2019-11-12 11:15:08,450 INFO ee.taltech.java1127.Java1127Application [restartedMain] No active profile set, falling back to default profiles: default
2019-11-12 11:15:08,489 INFO org.springframework.boot.devtools.env.DevToolsPropertyDefaultsPostProcessor [restartedMain] Devtools property defaults active! Set 'spring.devtools.add-properties' to 'false' to disable
2019-11-12 11:15:08,490 INFO org.springframework.boot.devtools.env.DevToolsPropertyDefaultsPostProcessor [restartedMain] For additional web related logging consider setting the 'logging.level.web' property to 'DEBUG'
2019-11-12 11:15:09,163 INFO org.springframework.data.repository.config.RepositoryConfigurationDelegate [restartedMain] Bootstrapping Spring Data repositories in DEFAULT mode.
2019-11-12 11:15:09,234 INFO org.springframework.data.repository.config.RepositoryConfigurationDelegate [restartedMain] Finished Spring Data repository scanning in 65ms. Found 3 repository interfaces.
2019-11-12 11:15:09,612 INFO org.springframework.context.support.PostProcessorRegistrationDelegate$BeanPostProcessorChecker [restartedMain] Bean 'org.springframework.transaction.annotation.ProxyTransactionManagementConfiguration' of type [org.springframework.transaction.annotation.ProxyTransactionManagementConfiguration$$EnhancerBySpringCGLIB$$308c39d4] is not eligible for getting processed by all BeanPostProcessors (for example: not eligible for auto-proxying)
2019-11-12 11:15:10,026 INFO org.springframework.boot.web.embedded.tomcat.TomcatWebServer [restartedMain] Tomcat initialized with port(s): 443 (https)
2019-11-12 11:15:10,054 INFO org.apache.coyote.http11.Http11NioProtocol [restartedMain] Initializing ProtocolHandler ["https-jsse-nio-443"]
2019-11-12 11:15:10,084 INFO org.apache.catalina.core.StandardService [restartedMain] Starting service [Tomcat]
2019-11-12 11:15:10,085 INFO org.apache.catalina.core.StandardEngine [restartedMain] Starting Servlet engine: [Apache Tomcat/9.0.24]
2019-11-12 11:15:10,239 INFO org.apache.catalina.core.ContainerBase.[Tomcat].[localhost].[/api] [restartedMain] Initializing Spring embedded WebApplicationContext
2019-11-12 11:15:10,376 INFO org.flywaydb.core.internal.license.VersionPrinter [restartedMain] Flyway Community Edition 5.2.4 by Boxfuse
2019-11-12 11:15:10,378 INFO com.zaxxer.hikari.HikariDataSource [restartedMain] HikariPool-1 - Starting...
2019-11-12 11:15:12,438 INFO com.zaxxer.hikari.HikariDataSource [restartedMain] HikariPool-1 - Start completed.
2019-11-12 11:15:12,454 INFO org.flywaydb.core.internal.database.DatabaseFactory [restartedMain] Database: jdbc:postgresql://valisonu.cvun9oez4fgd.us-east-1.rds.amazonaws.com:5432/postgres (PostgreSQL 11.5)
2019-11-12 11:15:12,590 WARN org.flywaydb.core.internal.database.base.Database [restartedMain] Flyway upgrade recommended: PostgreSQL 11.5 is newer than this version of Flyway and support has not been tested.
2019-11-12 11:15:14,087 INFO org.flywaydb.core.internal.command.DbValidate [restartedMain] Successfully validated 4 migrations (execution time 00:00.533s)
2019-11-12 11:15:15,632 INFO org.flywaydb.core.internal.command.DbMigrate [restartedMain] Current version of schema "public": 4
2019-11-12 11:15:15,754 INFO org.flywaydb.core.internal.command.DbMigrate [restartedMain] Schema "public" is up to date. No migration necessary.
2019-11-12 11:15:17,265 INFO org.springframework.orm.jpa.LocalContainerEntityManagerFactoryBean [restartedMain] Initialized JPA EntityManagerFactory for persistence unit 'default'
2019-11-12 11:15:17,624 WARN org.springframework.boot.autoconfigure.orm.jpa.JpaBaseConfiguration$JpaWebConfiguration$JpaWebMvcConfiguration [restartedMain] spring.jpa.open-in-view is enabled by default. Therefore, database queries may be performed during view rendering. Explicitly configure spring.jpa.open-in-view to disable this warning
2019-11-12 11:15:18,008 INFO org.springframework.boot.devtools.autoconfigure.OptionalLiveReloadServer [restartedMain] LiveReload server is running on port 35729
2019-11-12 11:15:18,028 INFO org.apache.coyote.http11.Http11NioProtocol [restartedMain] Starting ProtocolHandler ["https-jsse-nio-443"]
2019-11-12 11:15:18,040 ERROR org.apache.catalina.util.LifecycleBase [restartedMain] Failed to start component [Connector[HTTP/1.1-443]]
org.apache.catalina.LifecycleException: Protocol handler start failed
	at org.apache.catalina.connector.Connector.startInternal(Connector.java:1008)
	at org.apache.catalina.util.LifecycleBase.start(LifecycleBase.java:183)
	at org.apache.catalina.core.StandardService.addConnector(StandardService.java:227)
	at org.springframework.boot.web.embedded.tomcat.TomcatWebServer.addPreviouslyRemovedConnectors(TomcatWebServer.java:263)
	at org.springframework.boot.web.embedded.tomcat.TomcatWebServer.start(TomcatWebServer.java:195)
	at org.springframework.boot.web.servlet.context.ServletWebServerApplicationContext.startWebServer(ServletWebServerApplicationContext.java:297)
	at org.springframework.boot.web.servlet.context.ServletWebServerApplicationContext.finishRefresh(ServletWebServerApplicationContext.java:163)
	at org.springframework.context.support.AbstractApplicationContext.refresh(AbstractApplicationContext.java:552)
	at org.springframework.boot.web.servlet.context.ServletWebServerApplicationContext.refresh(ServletWebServerApplicationContext.java:141)
	at org.springframework.boot.SpringApplication.refresh(SpringApplication.java:744)
	at org.springframework.boot.SpringApplication.refreshContext(SpringApplication.java:391)
	at org.springframework.boot.SpringApplication.run(SpringApplication.java:312)
	at org.springframework.boot.SpringApplication.run(SpringApplication.java:1215)
	at org.springframework.boot.SpringApplication.run(SpringApplication.java:1204)
	at ee.taltech.java1127.Java1127Application.main(Java1127Application.java:11)
	at java.base/jdk.internal.reflect.NativeMethodAccessorImpl.invoke0(Native Method)
	at java.base/jdk.internal.reflect.NativeMethodAccessorImpl.invoke(NativeMethodAccessorImpl.java:62)
	at java.base/jdk.internal.reflect.DelegatingMethodAccessorImpl.invoke(DelegatingMethodAccessorImpl.java:43)
	at java.base/java.lang.reflect.Method.invoke(Method.java:566)
	at org.springframework.boot.devtools.restart.RestartLauncher.run(RestartLauncher.java:49)
Caused by: java.net.BindException: Address already in use: bind
	at java.base/sun.nio.ch.Net.bind0(Native Method)
	at java.base/sun.nio.ch.Net.bind(Net.java:461)
	at java.base/sun.nio.ch.Net.bind(Net.java:453)
	at java.base/sun.nio.ch.ServerSocketChannelImpl.bind(ServerSocketChannelImpl.java:227)
	at java.base/sun.nio.ch.ServerSocketAdaptor.bind(ServerSocketAdaptor.java:80)
	at org.apache.tomcat.util.net.NioEndpoint.initServerSocket(NioEndpoint.java:230)
	at org.apache.tomcat.util.net.NioEndpoint.bind(NioEndpoint.java:213)
	at org.apache.tomcat.util.net.AbstractEndpoint.bindWithCleanup(AbstractEndpoint.java:1124)
	at org.apache.tomcat.util.net.AbstractEndpoint.start(AbstractEndpoint.java:1210)
	at org.apache.coyote.AbstractProtocol.start(AbstractProtocol.java:585)
	at org.apache.catalina.connector.Connector.startInternal(Connector.java:1005)
	... 19 common frames omitted
2019-11-12 11:15:18,043 INFO org.apache.coyote.http11.Http11NioProtocol [restartedMain] Pausing ProtocolHandler ["https-jsse-nio-443"]
2019-11-12 11:15:18,043 INFO org.apache.catalina.core.StandardService [restartedMain] Stopping service [Tomcat]
2019-11-12 11:15:18,049 INFO org.apache.catalina.util.LifecycleBase [restartedMain] The stop() method was called on component [StandardServer[-1]] after stop() had already been called. The second call will be ignored.
2019-11-12 11:15:18,049 INFO org.apache.coyote.http11.Http11NioProtocol [restartedMain] Stopping ProtocolHandler ["https-jsse-nio-443"]
2019-11-12 11:15:18,050 INFO org.apache.coyote.http11.Http11NioProtocol [restartedMain] Destroying ProtocolHandler ["https-jsse-nio-443"]
2019-11-12 11:15:18,052 INFO org.springframework.boot.autoconfigure.logging.ConditionEvaluationReportLoggingListener [restartedMain] 

Error starting ApplicationContext. To display the conditions report re-run your application with 'debug' enabled.
2019-11-12 11:15:18,057 ERROR org.springframework.boot.diagnostics.LoggingFailureAnalysisReporter [restartedMain] 

***************************
APPLICATION FAILED TO START
***************************

Description:

The Tomcat connector configured to listen on port 443 failed to start. The port may already be in use or the connector may be misconfigured.

Action:

Verify the connector's configuration, identify and stop any process that's listening on port 443, or configure this application to listen on another port.

2019-11-12 11:15:18,060 INFO org.springframework.orm.jpa.LocalContainerEntityManagerFactoryBean [restartedMain] Closing JPA EntityManagerFactory for persistence unit 'default'
2019-11-12 11:15:18,063 INFO com.zaxxer.hikari.HikariDataSource [restartedMain] HikariPool-1 - Shutdown initiated...
2019-11-12 11:15:18,985 INFO com.zaxxer.hikari.HikariDataSource [restartedMain] HikariPool-1 - Shutdown completed.
2019-11-12 11:15:40,654 INFO ee.taltech.java1127.Java1127Application [restartedMain] Starting Java1127Application on MSI with PID 19548 (C:\Users\vladislav\Desktop\Programmes\Projects\it_second_year\iti0203-2019-java-infosystem\java-1127\out\production\classes started by vlad comp in C:\Users\vladislav\Desktop\Programmes\Projects\it_second_year\iti0203-2019-java-infosystem\java-1127)
2019-11-12 11:15:40,657 INFO ee.taltech.java1127.Java1127Application [restartedMain] No active profile set, falling back to default profiles: default
2019-11-12 11:15:40,692 INFO org.springframework.boot.devtools.env.DevToolsPropertyDefaultsPostProcessor [restartedMain] Devtools property defaults active! Set 'spring.devtools.add-properties' to 'false' to disable
2019-11-12 11:15:40,693 INFO org.springframework.boot.devtools.env.DevToolsPropertyDefaultsPostProcessor [restartedMain] For additional web related logging consider setting the 'logging.level.web' property to 'DEBUG'
2019-11-12 11:15:41,487 INFO org.springframework.data.repository.config.RepositoryConfigurationDelegate [restartedMain] Bootstrapping Spring Data repositories in DEFAULT mode.
2019-11-12 11:15:41,560 INFO org.springframework.data.repository.config.RepositoryConfigurationDelegate [restartedMain] Finished Spring Data repository scanning in 66ms. Found 3 repository interfaces.
2019-11-12 11:15:41,893 INFO org.springframework.context.support.PostProcessorRegistrationDelegate$BeanPostProcessorChecker [restartedMain] Bean 'org.springframework.transaction.annotation.ProxyTransactionManagementConfiguration' of type [org.springframework.transaction.annotation.ProxyTransactionManagementConfiguration$$EnhancerBySpringCGLIB$$ff116a7e] is not eligible for getting processed by all BeanPostProcessors (for example: not eligible for auto-proxying)
2019-11-12 11:15:42,280 INFO org.springframework.boot.web.embedded.tomcat.TomcatWebServer [restartedMain] Tomcat initialized with port(s): 443 (https)
2019-11-12 11:15:42,298 INFO org.apache.coyote.http11.Http11NioProtocol [restartedMain] Initializing ProtocolHandler ["https-jsse-nio-443"]
2019-11-12 11:15:42,309 INFO org.apache.catalina.core.StandardService [restartedMain] Starting service [Tomcat]
2019-11-12 11:15:42,310 INFO org.apache.catalina.core.StandardEngine [restartedMain] Starting Servlet engine: [Apache Tomcat/9.0.24]
2019-11-12 11:15:42,443 INFO org.apache.catalina.core.ContainerBase.[Tomcat].[localhost].[/api] [restartedMain] Initializing Spring embedded WebApplicationContext
2019-11-12 11:15:42,550 INFO org.flywaydb.core.internal.license.VersionPrinter [restartedMain] Flyway Community Edition 5.2.4 by Boxfuse
2019-11-12 11:15:42,552 INFO com.zaxxer.hikari.HikariDataSource [restartedMain] HikariPool-1 - Starting...
2019-11-12 11:15:44,620 INFO com.zaxxer.hikari.HikariDataSource [restartedMain] HikariPool-1 - Start completed.
2019-11-12 11:15:44,639 INFO org.flywaydb.core.internal.database.DatabaseFactory [restartedMain] Database: jdbc:postgresql://valisonu.cvun9oez4fgd.us-east-1.rds.amazonaws.com:5432/postgres (PostgreSQL 11.5)
2019-11-12 11:15:44,780 WARN org.flywaydb.core.internal.database.base.Database [restartedMain] Flyway upgrade recommended: PostgreSQL 11.5 is newer than this version of Flyway and support has not been tested.
2019-11-12 11:15:46,190 INFO org.flywaydb.core.internal.command.DbValidate [restartedMain] Successfully validated 4 migrations (execution time 00:00.526s)
2019-11-12 11:15:47,701 INFO org.flywaydb.core.internal.command.DbMigrate [restartedMain] Current version of schema "public": 4
2019-11-12 11:15:47,820 INFO org.flywaydb.core.internal.command.DbMigrate [restartedMain] Schema "public" is up to date. No migration necessary.
2019-11-12 11:15:49,428 INFO org.springframework.orm.jpa.LocalContainerEntityManagerFactoryBean [restartedMain] Initialized JPA EntityManagerFactory for persistence unit 'default'
2019-11-12 11:15:49,884 WARN org.springframework.boot.autoconfigure.orm.jpa.JpaBaseConfiguration$JpaWebConfiguration$JpaWebMvcConfiguration [restartedMain] spring.jpa.open-in-view is enabled by default. Therefore, database queries may be performed during view rendering. Explicitly configure spring.jpa.open-in-view to disable this warning
2019-11-12 11:15:50,203 INFO org.springframework.boot.devtools.autoconfigure.OptionalLiveReloadServer [restartedMain] LiveReload server is running on port 35729
2019-11-12 11:15:50,259 INFO org.apache.coyote.http11.Http11NioProtocol [restartedMain] Starting ProtocolHandler ["https-jsse-nio-443"]
2019-11-12 11:15:50,275 ERROR org.apache.catalina.util.LifecycleBase [restartedMain] Failed to start component [Connector[HTTP/1.1-443]]
org.apache.catalina.LifecycleException: Protocol handler start failed
	at org.apache.catalina.connector.Connector.startInternal(Connector.java:1008)
	at org.apache.catalina.util.LifecycleBase.start(LifecycleBase.java:183)
	at org.apache.catalina.core.StandardService.addConnector(StandardService.java:227)
	at org.springframework.boot.web.embedded.tomcat.TomcatWebServer.addPreviouslyRemovedConnectors(TomcatWebServer.java:263)
	at org.springframework.boot.web.embedded.tomcat.TomcatWebServer.start(TomcatWebServer.java:195)
	at org.springframework.boot.web.servlet.context.ServletWebServerApplicationContext.startWebServer(ServletWebServerApplicationContext.java:297)
	at org.springframework.boot.web.servlet.context.ServletWebServerApplicationContext.finishRefresh(ServletWebServerApplicationContext.java:163)
	at org.springframework.context.support.AbstractApplicationContext.refresh(AbstractApplicationContext.java:552)
	at org.springframework.boot.web.servlet.context.ServletWebServerApplicationContext.refresh(ServletWebServerApplicationContext.java:141)
	at org.springframework.boot.SpringApplication.refresh(SpringApplication.java:744)
	at org.springframework.boot.SpringApplication.refreshContext(SpringApplication.java:391)
	at org.springframework.boot.SpringApplication.run(SpringApplication.java:312)
	at org.springframework.boot.SpringApplication.run(SpringApplication.java:1215)
	at org.springframework.boot.SpringApplication.run(SpringApplication.java:1204)
	at ee.taltech.java1127.Java1127Application.main(Java1127Application.java:11)
	at java.base/jdk.internal.reflect.NativeMethodAccessorImpl.invoke0(Native Method)
	at java.base/jdk.internal.reflect.NativeMethodAccessorImpl.invoke(NativeMethodAccessorImpl.java:62)
	at java.base/jdk.internal.reflect.DelegatingMethodAccessorImpl.invoke(DelegatingMethodAccessorImpl.java:43)
	at java.base/java.lang.reflect.Method.invoke(Method.java:566)
	at org.springframework.boot.devtools.restart.RestartLauncher.run(RestartLauncher.java:49)
Caused by: java.net.BindException: Address already in use: bind
	at java.base/sun.nio.ch.Net.bind0(Native Method)
	at java.base/sun.nio.ch.Net.bind(Net.java:461)
	at java.base/sun.nio.ch.Net.bind(Net.java:453)
	at java.base/sun.nio.ch.ServerSocketChannelImpl.bind(ServerSocketChannelImpl.java:227)
	at java.base/sun.nio.ch.ServerSocketAdaptor.bind(ServerSocketAdaptor.java:80)
	at org.apache.tomcat.util.net.NioEndpoint.initServerSocket(NioEndpoint.java:230)
	at org.apache.tomcat.util.net.NioEndpoint.bind(NioEndpoint.java:213)
	at org.apache.tomcat.util.net.AbstractEndpoint.bindWithCleanup(AbstractEndpoint.java:1124)
	at org.apache.tomcat.util.net.AbstractEndpoint.start(AbstractEndpoint.java:1210)
	at org.apache.coyote.AbstractProtocol.start(AbstractProtocol.java:585)
	at org.apache.catalina.connector.Connector.startInternal(Connector.java:1005)
	... 19 common frames omitted
2019-11-12 11:15:50,279 INFO org.apache.coyote.http11.Http11NioProtocol [restartedMain] Pausing ProtocolHandler ["https-jsse-nio-443"]
2019-11-12 11:15:50,280 INFO org.apache.catalina.core.StandardService [restartedMain] Stopping service [Tomcat]
2019-11-12 11:15:50,286 INFO org.apache.catalina.util.LifecycleBase [restartedMain] The stop() method was called on component [StandardServer[-1]] after stop() had already been called. The second call will be ignored.
2019-11-12 11:15:50,287 INFO org.apache.coyote.http11.Http11NioProtocol [restartedMain] Stopping ProtocolHandler ["https-jsse-nio-443"]
2019-11-12 11:15:50,287 INFO org.apache.coyote.http11.Http11NioProtocol [restartedMain] Destroying ProtocolHandler ["https-jsse-nio-443"]
2019-11-12 11:15:50,291 INFO org.springframework.boot.autoconfigure.logging.ConditionEvaluationReportLoggingListener [restartedMain] 

Error starting ApplicationContext. To display the conditions report re-run your application with 'debug' enabled.
2019-11-12 11:15:50,296 ERROR org.springframework.boot.diagnostics.LoggingFailureAnalysisReporter [restartedMain] 

***************************
APPLICATION FAILED TO START
***************************

Description:

The Tomcat connector configured to listen on port 443 failed to start. The port may already be in use or the connector may be misconfigured.

Action:

Verify the connector's configuration, identify and stop any process that's listening on port 443, or configure this application to listen on another port.

2019-11-12 11:15:50,300 INFO org.springframework.orm.jpa.LocalContainerEntityManagerFactoryBean [restartedMain] Closing JPA EntityManagerFactory for persistence unit 'default'
2019-11-12 11:15:50,305 INFO com.zaxxer.hikari.HikariDataSource [restartedMain] HikariPool-1 - Shutdown initiated...
2019-11-12 11:15:50,811 INFO com.zaxxer.hikari.HikariDataSource [restartedMain] HikariPool-1 - Shutdown completed.
2019-11-12 21:00:26,436 INFO org.springframework.boot.test.autoconfigure.web.servlet.WebMvcTestContextBootstrapper [Test worker] Neither @ContextConfiguration nor @ContextHierarchy found for test class [ee.taltech.java1127.SynonymControllerTest], using SpringBootContextLoader
2019-11-12 21:00:26,443 INFO org.springframework.test.context.support.AbstractContextLoader [Test worker] Could not detect default resource locations for test class [ee.taltech.java1127.SynonymControllerTest]: no resource found for suffixes {-context.xml, Context.groovy}.
2019-11-12 21:00:26,444 INFO org.springframework.test.context.support.AnnotationConfigContextLoaderUtils [Test worker] Could not detect default configuration classes for test class [ee.taltech.java1127.SynonymControllerTest]: SynonymControllerTest does not declare any static, non-private, non-final, nested classes annotated with @Configuration.
2019-11-12 21:00:26,582 INFO org.springframework.boot.test.context.SpringBootTestContextBootstrapper [Test worker] Found @SpringBootConfiguration ee.taltech.java1127.Java1127Application for test class ee.taltech.java1127.SynonymControllerTest
2019-11-12 21:00:26,584 INFO org.springframework.boot.test.autoconfigure.web.servlet.WebMvcTestContextBootstrapper [Test worker] Loaded default TestExecutionListener class names from location [META-INF/spring.factories]: [org.springframework.boot.test.autoconfigure.restdocs.RestDocsTestExecutionListener, org.springframework.boot.test.autoconfigure.web.client.MockRestServiceServerResetTestExecutionListener, org.springframework.boot.test.autoconfigure.web.servlet.MockMvcPrintOnlyOnFailureTestExecutionListener, org.springframework.boot.test.autoconfigure.web.servlet.WebDriverTestExecutionListener, org.springframework.boot.test.mock.mockito.MockitoTestExecutionListener, org.springframework.boot.test.mock.mockito.ResetMocksTestExecutionListener, org.springframework.test.context.web.ServletTestExecutionListener, org.springframework.test.context.support.DirtiesContextBeforeModesTestExecutionListener, org.springframework.test.context.support.DependencyInjectionTestExecutionListener, org.springframework.test.context.support.DirtiesContextTestExecutionListener, org.springframework.test.context.transaction.TransactionalTestExecutionListener, org.springframework.test.context.jdbc.SqlScriptsTestExecutionListener]
2019-11-12 21:00:26,600 INFO org.springframework.boot.test.autoconfigure.web.servlet.WebMvcTestContextBootstrapper [Test worker] Using TestExecutionListeners: [org.springframework.test.context.web.ServletTestExecutionListener@24bdc5d0, org.springframework.test.context.support.DirtiesContextBeforeModesTestExecutionListener@36cdf797, org.springframework.boot.test.mock.mockito.MockitoTestExecutionListener@66e5750e, org.springframework.boot.test.autoconfigure.SpringBootDependencyInjectionTestExecutionListener@1edd9b9, org.springframework.test.context.support.DirtiesContextTestExecutionListener@4b341f11, org.springframework.test.context.transaction.TransactionalTestExecutionListener@129c38af, org.springframework.test.context.jdbc.SqlScriptsTestExecutionListener@5f1c72f7, org.springframework.boot.test.autoconfigure.restdocs.RestDocsTestExecutionListener@30d358bc, org.springframework.boot.test.autoconfigure.web.client.MockRestServiceServerResetTestExecutionListener@5b740520, org.springframework.boot.test.autoconfigure.web.servlet.MockMvcPrintOnlyOnFailureTestExecutionListener@28de17a1, org.springframework.boot.test.autoconfigure.web.servlet.WebDriverTestExecutionListener@14694387, org.springframework.boot.test.mock.mockito.ResetMocksTestExecutionListener@3ed5ff0e]
2019-11-12 21:00:27,104 INFO ee.taltech.java1127.SynonymControllerTest [Test worker] Starting SynonymControllerTest on MSI with PID 12020 (started by vlad comp in C:\Users\vladislav\Desktop\Programmes\Projects\it_second_year\iti0203-2019-java-infosystem\java-1127)
2019-11-12 21:00:27,107 INFO ee.taltech.java1127.SynonymControllerTest [Test worker] No active profile set, falling back to default profiles: default
2019-11-12 21:00:28,972 INFO org.springframework.boot.test.mock.web.SpringBootMockServletContext [Test worker] Initializing Spring TestDispatcherServlet ''
2019-11-12 21:00:28,972 INFO org.springframework.test.web.servlet.TestDispatcherServlet [Test worker] Initializing Servlet ''
2019-11-12 21:00:28,989 INFO org.springframework.test.web.servlet.TestDispatcherServlet [Test worker] Completed initialization in 16 ms
2019-11-12 21:00:29,024 INFO ee.taltech.java1127.SynonymControllerTest [Test worker] Started SynonymControllerTest in 2.25 seconds (JVM running for 3.723)
2019-11-12 21:00:29,266 WARN org.springframework.web.servlet.mvc.support.DefaultHandlerExceptionResolver [Test worker] Resolved [org.springframework.http.converter.HttpMessageNotReadableException: JSON parse error: Unexpected character (',' (code 44)): expected a value; nested exception is com.fasterxml.jackson.core.JsonParseException: Unexpected character (',' (code 44)): expected a value
 at [Source: (PushbackInputStream); line: 1, column: 13]]
2019-11-12 21:00:29,278 WARN org.springframework.web.servlet.mvc.support.DefaultHandlerExceptionResolver [Test worker] Resolved [org.springframework.http.converter.HttpMessageNotReadableException: JSON parse error: Unexpected character (',' (code 44)): expected a value; nested exception is com.fasterxml.jackson.core.JsonParseException: Unexpected character (',' (code 44)): expected a value
 at [Source: (PushbackInputStream); line: 1, column: 26]]
2019-11-12 21:00:29,341 WARN org.springframework.web.servlet.mvc.support.DefaultHandlerExceptionResolver [Test worker] Resolved [org.springframework.http.converter.HttpMessageNotReadableException: JSON parse error: Unexpected character (',' (code 44)): expected a value; nested exception is com.fasterxml.jackson.core.JsonParseException: Unexpected character (',' (code 44)): expected a value
 at [Source: (PushbackInputStream); line: 1, column: 50]]
2019-11-12 21:00:29,354 INFO org.springframework.boot.test.autoconfigure.web.servlet.WebMvcTestContextBootstrapper [Test worker] Neither @ContextConfiguration nor @ContextHierarchy found for test class [ee.taltech.java1127.UserControllerTest], using SpringBootContextLoader
2019-11-12 21:00:29,355 INFO org.springframework.test.context.support.AbstractContextLoader [Test worker] Could not detect default resource locations for test class [ee.taltech.java1127.UserControllerTest]: no resource found for suffixes {-context.xml, Context.groovy}.
2019-11-12 21:00:29,356 INFO org.springframework.test.context.support.AnnotationConfigContextLoaderUtils [Test worker] Could not detect default configuration classes for test class [ee.taltech.java1127.UserControllerTest]: UserControllerTest does not declare any static, non-private, non-final, nested classes annotated with @Configuration.
2019-11-12 21:00:29,360 INFO org.springframework.boot.test.context.SpringBootTestContextBootstrapper [Test worker] Found @SpringBootConfiguration ee.taltech.java1127.Java1127Application for test class ee.taltech.java1127.UserControllerTest
2019-11-12 21:00:29,361 INFO org.springframework.boot.test.autoconfigure.web.servlet.WebMvcTestContextBootstrapper [Test worker] Loaded default TestExecutionListener class names from location [META-INF/spring.factories]: [org.springframework.boot.test.autoconfigure.restdocs.RestDocsTestExecutionListener, org.springframework.boot.test.autoconfigure.web.client.MockRestServiceServerResetTestExecutionListener, org.springframework.boot.test.autoconfigure.web.servlet.MockMvcPrintOnlyOnFailureTestExecutionListener, org.springframework.boot.test.autoconfigure.web.servlet.WebDriverTestExecutionListener, org.springframework.boot.test.mock.mockito.MockitoTestExecutionListener, org.springframework.boot.test.mock.mockito.ResetMocksTestExecutionListener, org.springframework.test.context.web.ServletTestExecutionListener, org.springframework.test.context.support.DirtiesContextBeforeModesTestExecutionListener, org.springframework.test.context.support.DependencyInjectionTestExecutionListener, org.springframework.test.context.support.DirtiesContextTestExecutionListener, org.springframework.test.context.transaction.TransactionalTestExecutionListener, org.springframework.test.context.jdbc.SqlScriptsTestExecutionListener]
2019-11-12 21:00:29,361 INFO org.springframework.boot.test.autoconfigure.web.servlet.WebMvcTestContextBootstrapper [Test worker] Using TestExecutionListeners: [org.springframework.test.context.web.ServletTestExecutionListener@7d4d7f57, org.springframework.test.context.support.DirtiesContextBeforeModesTestExecutionListener@3a3c37eb, org.springframework.boot.test.mock.mockito.MockitoTestExecutionListener@2ba77e63, org.springframework.boot.test.autoconfigure.SpringBootDependencyInjectionTestExecutionListener@1903637a, org.springframework.test.context.support.DirtiesContextTestExecutionListener@fa200ca, org.springframework.test.context.transaction.TransactionalTestExecutionListener@547afdba, org.springframework.test.context.jdbc.SqlScriptsTestExecutionListener@44bed530, org.springframework.boot.test.autoconfigure.restdocs.RestDocsTestExecutionListener@4624766e, org.springframework.boot.test.autoconfigure.web.client.MockRestServiceServerResetTestExecutionListener@591f9a30, org.springframework.boot.test.autoconfigure.web.servlet.MockMvcPrintOnlyOnFailureTestExecutionListener@5a8b2b84, org.springframework.boot.test.autoconfigure.web.servlet.WebDriverTestExecutionListener@682e62b0, org.springframework.boot.test.mock.mockito.ResetMocksTestExecutionListener@d5ceedd]
2019-11-12 21:00:29,394 INFO ee.taltech.java1127.UserControllerTest [Test worker] Starting UserControllerTest on MSI with PID 12020 (started by vlad comp in C:\Users\vladislav\Desktop\Programmes\Projects\it_second_year\iti0203-2019-java-infosystem\java-1127)
2019-11-12 21:00:29,395 INFO ee.taltech.java1127.UserControllerTest [Test worker] No active profile set, falling back to default profiles: default
2019-11-12 21:00:29,828 INFO org.springframework.boot.test.mock.web.SpringBootMockServletContext [Test worker] Initializing Spring TestDispatcherServlet ''
2019-11-12 21:00:29,828 INFO org.springframework.test.web.servlet.TestDispatcherServlet [Test worker] Initializing Servlet ''
2019-11-12 21:00:29,836 INFO org.springframework.test.web.servlet.TestDispatcherServlet [Test worker] Completed initialization in 8 ms
2019-11-12 21:00:29,849 INFO ee.taltech.java1127.UserControllerTest [Test worker] Started UserControllerTest in 0.484 seconds (JVM running for 4.548)
2019-11-12 21:00:29,859 WARN org.springframework.web.servlet.mvc.support.DefaultHandlerExceptionResolver [Test worker] Resolved [org.springframework.http.converter.HttpMessageNotReadableException: JSON parse error: Unexpected character ('}' (code 125)): was expecting a colon to separate field name and value; nested exception is com.fasterxml.jackson.core.JsonParseException: Unexpected character ('}' (code 125)): was expecting a colon to separate field name and value
 at [Source: (PushbackInputStream); line: 1, column: 10]]
2019-11-12 21:00:29,881 INFO org.springframework.boot.test.autoconfigure.web.servlet.WebMvcTestContextBootstrapper [Test worker] Neither @ContextConfiguration nor @ContextHierarchy found for test class [ee.taltech.java1127.WordControllerTest], using SpringBootContextLoader
2019-11-12 21:00:29,882 INFO org.springframework.test.context.support.AbstractContextLoader [Test worker] Could not detect default resource locations for test class [ee.taltech.java1127.WordControllerTest]: no resource found for suffixes {-context.xml, Context.groovy}.
2019-11-12 21:00:29,883 INFO org.springframework.test.context.support.AnnotationConfigContextLoaderUtils [Test worker] Could not detect default configuration classes for test class [ee.taltech.java1127.WordControllerTest]: WordControllerTest does not declare any static, non-private, non-final, nested classes annotated with @Configuration.
2019-11-12 21:00:29,888 INFO org.springframework.boot.test.context.SpringBootTestContextBootstrapper [Test worker] Found @SpringBootConfiguration ee.taltech.java1127.Java1127Application for test class ee.taltech.java1127.WordControllerTest
2019-11-12 21:00:29,888 INFO org.springframework.boot.test.autoconfigure.web.servlet.WebMvcTestContextBootstrapper [Test worker] Loaded default TestExecutionListener class names from location [META-INF/spring.factories]: [org.springframework.boot.test.autoconfigure.restdocs.RestDocsTestExecutionListener, org.springframework.boot.test.autoconfigure.web.client.MockRestServiceServerResetTestExecutionListener, org.springframework.boot.test.autoconfigure.web.servlet.MockMvcPrintOnlyOnFailureTestExecutionListener, org.springframework.boot.test.autoconfigure.web.servlet.WebDriverTestExecutionListener, org.springframework.boot.test.mock.mockito.MockitoTestExecutionListener, org.springframework.boot.test.mock.mockito.ResetMocksTestExecutionListener, org.springframework.test.context.web.ServletTestExecutionListener, org.springframework.test.context.support.DirtiesContextBeforeModesTestExecutionListener, org.springframework.test.context.support.DependencyInjectionTestExecutionListener, org.springframework.test.context.support.DirtiesContextTestExecutionListener, org.springframework.test.context.transaction.TransactionalTestExecutionListener, org.springframework.test.context.jdbc.SqlScriptsTestExecutionListener]
2019-11-12 21:00:29,889 INFO org.springframework.boot.test.autoconfigure.web.servlet.WebMvcTestContextBootstrapper [Test worker] Using TestExecutionListeners: [org.springframework.test.context.web.ServletTestExecutionListener@519bb65d, org.springframework.test.context.support.DirtiesContextBeforeModesTestExecutionListener@46c73beb, org.springframework.boot.test.mock.mockito.MockitoTestExecutionListener@4819c391, org.springframework.boot.test.autoconfigure.SpringBootDependencyInjectionTestExecutionListener@25261fad, org.springframework.test.context.support.DirtiesContextTestExecutionListener@29836c0a, org.springframework.test.context.transaction.TransactionalTestExecutionListener@566402b2, org.springframework.test.context.jdbc.SqlScriptsTestExecutionListener@506746a4, org.springframework.boot.test.autoconfigure.restdocs.RestDocsTestExecutionListener@45a9e072, org.springframework.boot.test.autoconfigure.web.client.MockRestServiceServerResetTestExecutionListener@77f837f1, org.springframework.boot.test.autoconfigure.web.servlet.MockMvcPrintOnlyOnFailureTestExecutionListener@1ffca2e, org.springframework.boot.test.autoconfigure.web.servlet.WebDriverTestExecutionListener@6bc7eed3, org.springframework.boot.test.mock.mockito.ResetMocksTestExecutionListener@616729a9]
2019-11-12 21:00:29,919 INFO ee.taltech.java1127.WordControllerTest [Test worker] Starting WordControllerTest on MSI with PID 12020 (started by vlad comp in C:\Users\vladislav\Desktop\Programmes\Projects\it_second_year\iti0203-2019-java-infosystem\java-1127)
2019-11-12 21:00:29,920 INFO ee.taltech.java1127.WordControllerTest [Test worker] No active profile set, falling back to default profiles: default
2019-11-12 21:00:30,337 INFO org.springframework.boot.test.mock.web.SpringBootMockServletContext [Test worker] Initializing Spring TestDispatcherServlet ''
2019-11-12 21:00:30,337 INFO org.springframework.test.web.servlet.TestDispatcherServlet [Test worker] Initializing Servlet ''
2019-11-12 21:00:30,347 INFO org.springframework.test.web.servlet.TestDispatcherServlet [Test worker] Completed initialization in 10 ms
2019-11-12 21:00:30,361 INFO ee.taltech.java1127.WordControllerTest [Test worker] Started WordControllerTest in 0.47 seconds (JVM running for 5.061)
2019-11-12 21:00:30,381 WARN org.springframework.web.servlet.mvc.support.DefaultHandlerExceptionResolver [Test worker] Resolved [org.springframework.http.converter.HttpMessageNotReadableException: JSON parse error: Unexpected character (',' (code 44)): expected a value; nested exception is com.fasterxml.jackson.core.JsonParseException: Unexpected character (',' (code 44)): expected a value
 at [Source: (PushbackInputStream); line: 1, column: 22]]
2019-11-12 21:00:30,386 WARN org.springframework.web.servlet.mvc.support.DefaultHandlerExceptionResolver [Test worker] Resolved [org.springframework.http.converter.HttpMessageNotReadableException: JSON parse error: Unexpected character (',' (code 44)): expected a value; nested exception is com.fasterxml.jackson.core.JsonParseException: Unexpected character (',' (code 44)): expected a value
 at [Source: (PushbackInputStream); line: 1, column: 13]]
2019-11-12 21:01:33,343 INFO org.springframework.boot.test.autoconfigure.web.servlet.WebMvcTestContextBootstrapper [Test worker] Neither @ContextConfiguration nor @ContextHierarchy found for test class [ee.taltech.java1127.SynonymControllerTest], using SpringBootContextLoader
2019-11-12 21:01:33,351 INFO org.springframework.test.context.support.AbstractContextLoader [Test worker] Could not detect default resource locations for test class [ee.taltech.java1127.SynonymControllerTest]: no resource found for suffixes {-context.xml, Context.groovy}.
2019-11-12 21:01:33,352 INFO org.springframework.test.context.support.AnnotationConfigContextLoaderUtils [Test worker] Could not detect default configuration classes for test class [ee.taltech.java1127.SynonymControllerTest]: SynonymControllerTest does not declare any static, non-private, non-final, nested classes annotated with @Configuration.
2019-11-12 21:01:33,484 INFO org.springframework.boot.test.context.SpringBootTestContextBootstrapper [Test worker] Found @SpringBootConfiguration ee.taltech.java1127.Java1127Application for test class ee.taltech.java1127.SynonymControllerTest
2019-11-12 21:01:33,486 INFO org.springframework.boot.test.autoconfigure.web.servlet.WebMvcTestContextBootstrapper [Test worker] Loaded default TestExecutionListener class names from location [META-INF/spring.factories]: [org.springframework.boot.test.autoconfigure.restdocs.RestDocsTestExecutionListener, org.springframework.boot.test.autoconfigure.web.client.MockRestServiceServerResetTestExecutionListener, org.springframework.boot.test.autoconfigure.web.servlet.MockMvcPrintOnlyOnFailureTestExecutionListener, org.springframework.boot.test.autoconfigure.web.servlet.WebDriverTestExecutionListener, org.springframework.boot.test.mock.mockito.MockitoTestExecutionListener, org.springframework.boot.test.mock.mockito.ResetMocksTestExecutionListener, org.springframework.test.context.web.ServletTestExecutionListener, org.springframework.test.context.support.DirtiesContextBeforeModesTestExecutionListener, org.springframework.test.context.support.DependencyInjectionTestExecutionListener, org.springframework.test.context.support.DirtiesContextTestExecutionListener, org.springframework.test.context.transaction.TransactionalTestExecutionListener, org.springframework.test.context.jdbc.SqlScriptsTestExecutionListener]
2019-11-12 21:01:33,501 INFO org.springframework.boot.test.autoconfigure.web.servlet.WebMvcTestContextBootstrapper [Test worker] Using TestExecutionListeners: [org.springframework.test.context.web.ServletTestExecutionListener@44544828, org.springframework.test.context.support.DirtiesContextBeforeModesTestExecutionListener@6569d8, org.springframework.boot.test.mock.mockito.MockitoTestExecutionListener@74ce169e, org.springframework.boot.test.autoconfigure.SpringBootDependencyInjectionTestExecutionListener@55aff87c, org.springframework.test.context.support.DirtiesContextTestExecutionListener@335cefe9, org.springframework.test.context.transaction.TransactionalTestExecutionListener@185c7bf3, org.springframework.test.context.jdbc.SqlScriptsTestExecutionListener@1c22f480, org.springframework.boot.test.autoconfigure.restdocs.RestDocsTestExecutionListener@36649360, org.springframework.boot.test.autoconfigure.web.client.MockRestServiceServerResetTestExecutionListener@621301e2, org.springframework.boot.test.autoconfigure.web.servlet.MockMvcPrintOnlyOnFailureTestExecutionListener@19eb7db0, org.springframework.boot.test.autoconfigure.web.servlet.WebDriverTestExecutionListener@12e61cf9, org.springframework.boot.test.mock.mockito.ResetMocksTestExecutionListener@8b7256]
2019-11-12 21:01:33,967 INFO ee.taltech.java1127.SynonymControllerTest [Test worker] Starting SynonymControllerTest on MSI with PID 19184 (started by vlad comp in C:\Users\vladislav\Desktop\Programmes\Projects\it_second_year\iti0203-2019-java-infosystem\java-1127)
2019-11-12 21:01:33,969 INFO ee.taltech.java1127.SynonymControllerTest [Test worker] No active profile set, falling back to default profiles: default
2019-11-12 21:01:35,911 INFO org.springframework.boot.test.mock.web.SpringBootMockServletContext [Test worker] Initializing Spring TestDispatcherServlet ''
2019-11-12 21:01:35,912 INFO org.springframework.test.web.servlet.TestDispatcherServlet [Test worker] Initializing Servlet ''
2019-11-12 21:01:35,924 INFO org.springframework.test.web.servlet.TestDispatcherServlet [Test worker] Completed initialization in 12 ms
2019-11-12 21:01:35,953 INFO ee.taltech.java1127.SynonymControllerTest [Test worker] Started SynonymControllerTest in 2.317 seconds (JVM running for 3.773)
2019-11-12 21:01:36,283 INFO org.springframework.boot.test.autoconfigure.web.servlet.WebMvcTestContextBootstrapper [Test worker] Neither @ContextConfiguration nor @ContextHierarchy found for test class [ee.taltech.java1127.UserControllerTest], using SpringBootContextLoader
2019-11-12 21:01:36,285 INFO org.springframework.test.context.support.AbstractContextLoader [Test worker] Could not detect default resource locations for test class [ee.taltech.java1127.UserControllerTest]: no resource found for suffixes {-context.xml, Context.groovy}.
2019-11-12 21:01:36,285 INFO org.springframework.test.context.support.AnnotationConfigContextLoaderUtils [Test worker] Could not detect default configuration classes for test class [ee.taltech.java1127.UserControllerTest]: UserControllerTest does not declare any static, non-private, non-final, nested classes annotated with @Configuration.
2019-11-12 21:01:36,291 INFO org.springframework.boot.test.context.SpringBootTestContextBootstrapper [Test worker] Found @SpringBootConfiguration ee.taltech.java1127.Java1127Application for test class ee.taltech.java1127.UserControllerTest
2019-11-12 21:01:36,292 INFO org.springframework.boot.test.autoconfigure.web.servlet.WebMvcTestContextBootstrapper [Test worker] Loaded default TestExecutionListener class names from location [META-INF/spring.factories]: [org.springframework.boot.test.autoconfigure.restdocs.RestDocsTestExecutionListener, org.springframework.boot.test.autoconfigure.web.client.MockRestServiceServerResetTestExecutionListener, org.springframework.boot.test.autoconfigure.web.servlet.MockMvcPrintOnlyOnFailureTestExecutionListener, org.springframework.boot.test.autoconfigure.web.servlet.WebDriverTestExecutionListener, org.springframework.boot.test.mock.mockito.MockitoTestExecutionListener, org.springframework.boot.test.mock.mockito.ResetMocksTestExecutionListener, org.springframework.test.context.web.ServletTestExecutionListener, org.springframework.test.context.support.DirtiesContextBeforeModesTestExecutionListener, org.springframework.test.context.support.DependencyInjectionTestExecutionListener, org.springframework.test.context.support.DirtiesContextTestExecutionListener, org.springframework.test.context.transaction.TransactionalTestExecutionListener, org.springframework.test.context.jdbc.SqlScriptsTestExecutionListener]
2019-11-12 21:01:36,292 INFO org.springframework.boot.test.autoconfigure.web.servlet.WebMvcTestContextBootstrapper [Test worker] Using TestExecutionListeners: [org.springframework.test.context.web.ServletTestExecutionListener@34b25b68, org.springframework.test.context.support.DirtiesContextBeforeModesTestExecutionListener@66b94ca6, org.springframework.boot.test.mock.mockito.MockitoTestExecutionListener@6049ff7e, org.springframework.boot.test.autoconfigure.SpringBootDependencyInjectionTestExecutionListener@ab8c87e, org.springframework.test.context.support.DirtiesContextTestExecutionListener@2c77bb5a, org.springframework.test.context.transaction.TransactionalTestExecutionListener@870e0e, org.springframework.test.context.jdbc.SqlScriptsTestExecutionListener@2f9aa36f, org.springframework.boot.test.autoconfigure.restdocs.RestDocsTestExecutionListener@63ad65da, org.springframework.boot.test.autoconfigure.web.client.MockRestServiceServerResetTestExecutionListener@7211bf9e, org.springframework.boot.test.autoconfigure.web.servlet.MockMvcPrintOnlyOnFailureTestExecutionListener@4a5e28ac, org.springframework.boot.test.autoconfigure.web.servlet.WebDriverTestExecutionListener@30257b53, org.springframework.boot.test.mock.mockito.ResetMocksTestExecutionListener@382e5b38]
2019-11-12 21:01:36,329 INFO ee.taltech.java1127.UserControllerTest [Test worker] Starting UserControllerTest on MSI with PID 19184 (started by vlad comp in C:\Users\vladislav\Desktop\Programmes\Projects\it_second_year\iti0203-2019-java-infosystem\java-1127)
2019-11-12 21:01:36,330 INFO ee.taltech.java1127.UserControllerTest [Test worker] No active profile set, falling back to default profiles: default
2019-11-12 21:01:36,794 INFO org.springframework.boot.test.mock.web.SpringBootMockServletContext [Test worker] Initializing Spring TestDispatcherServlet ''
2019-11-12 21:01:36,794 INFO org.springframework.test.web.servlet.TestDispatcherServlet [Test worker] Initializing Servlet ''
2019-11-12 21:01:36,805 INFO org.springframework.test.web.servlet.TestDispatcherServlet [Test worker] Completed initialization in 11 ms
2019-11-12 21:01:36,821 INFO ee.taltech.java1127.UserControllerTest [Test worker] Started UserControllerTest in 0.526 seconds (JVM running for 4.641)
2019-11-12 21:01:36,868 INFO org.springframework.boot.test.autoconfigure.web.servlet.WebMvcTestContextBootstrapper [Test worker] Neither @ContextConfiguration nor @ContextHierarchy found for test class [ee.taltech.java1127.WordControllerTest], using SpringBootContextLoader
2019-11-12 21:01:36,869 INFO org.springframework.test.context.support.AbstractContextLoader [Test worker] Could not detect default resource locations for test class [ee.taltech.java1127.WordControllerTest]: no resource found for suffixes {-context.xml, Context.groovy}.
2019-11-12 21:01:36,869 INFO org.springframework.test.context.support.AnnotationConfigContextLoaderUtils [Test worker] Could not detect default configuration classes for test class [ee.taltech.java1127.WordControllerTest]: WordControllerTest does not declare any static, non-private, non-final, nested classes annotated with @Configuration.
2019-11-12 21:01:36,876 INFO org.springframework.boot.test.context.SpringBootTestContextBootstrapper [Test worker] Found @SpringBootConfiguration ee.taltech.java1127.Java1127Application for test class ee.taltech.java1127.WordControllerTest
2019-11-12 21:01:36,877 INFO org.springframework.boot.test.autoconfigure.web.servlet.WebMvcTestContextBootstrapper [Test worker] Loaded default TestExecutionListener class names from location [META-INF/spring.factories]: [org.springframework.boot.test.autoconfigure.restdocs.RestDocsTestExecutionListener, org.springframework.boot.test.autoconfigure.web.client.MockRestServiceServerResetTestExecutionListener, org.springframework.boot.test.autoconfigure.web.servlet.MockMvcPrintOnlyOnFailureTestExecutionListener, org.springframework.boot.test.autoconfigure.web.servlet.WebDriverTestExecutionListener, org.springframework.boot.test.mock.mockito.MockitoTestExecutionListener, org.springframework.boot.test.mock.mockito.ResetMocksTestExecutionListener, org.springframework.test.context.web.ServletTestExecutionListener, org.springframework.test.context.support.DirtiesContextBeforeModesTestExecutionListener, org.springframework.test.context.support.DependencyInjectionTestExecutionListener, org.springframework.test.context.support.DirtiesContextTestExecutionListener, org.springframework.test.context.transaction.TransactionalTestExecutionListener, org.springframework.test.context.jdbc.SqlScriptsTestExecutionListener]
2019-11-12 21:01:36,878 INFO org.springframework.boot.test.autoconfigure.web.servlet.WebMvcTestContextBootstrapper [Test worker] Using TestExecutionListeners: [org.springframework.test.context.web.ServletTestExecutionListener@2798588d, org.springframework.test.context.support.DirtiesContextBeforeModesTestExecutionListener@12db364b, org.springframework.boot.test.mock.mockito.MockitoTestExecutionListener@9bca5e5, org.springframework.boot.test.autoconfigure.SpringBootDependencyInjectionTestExecutionListener@4196a9e0, org.springframework.test.context.support.DirtiesContextTestExecutionListener@24afcd6f, org.springframework.test.context.transaction.TransactionalTestExecutionListener@6f8dcedf, org.springframework.test.context.jdbc.SqlScriptsTestExecutionListener@372dd46, org.springframework.boot.test.autoconfigure.restdocs.RestDocsTestExecutionListener@775fad61, org.springframework.boot.test.autoconfigure.web.client.MockRestServiceServerResetTestExecutionListener@2dc1c250, org.springframework.boot.test.autoconfigure.web.servlet.MockMvcPrintOnlyOnFailureTestExecutionListener@2c3b1a01, org.springframework.boot.test.autoconfigure.web.servlet.WebDriverTestExecutionListener@39367a2d, org.springframework.boot.test.mock.mockito.ResetMocksTestExecutionListener@3308eccf]
2019-11-12 21:01:36,913 INFO ee.taltech.java1127.WordControllerTest [Test worker] Starting WordControllerTest on MSI with PID 19184 (started by vlad comp in C:\Users\vladislav\Desktop\Programmes\Projects\it_second_year\iti0203-2019-java-infosystem\java-1127)
2019-11-12 21:01:36,914 INFO ee.taltech.java1127.WordControllerTest [Test worker] No active profile set, falling back to default profiles: default
2019-11-12 21:01:37,329 INFO org.springframework.boot.test.mock.web.SpringBootMockServletContext [Test worker] Initializing Spring TestDispatcherServlet ''
2019-11-12 21:01:37,329 INFO org.springframework.test.web.servlet.TestDispatcherServlet [Test worker] Initializing Servlet ''
2019-11-12 21:01:37,340 INFO org.springframework.test.web.servlet.TestDispatcherServlet [Test worker] Completed initialization in 11 ms
2019-11-12 21:01:37,374 INFO ee.taltech.java1127.WordControllerTest [Test worker] Started WordControllerTest in 0.492 seconds (JVM running for 5.193)
2019-11-12 21:02:23,917 INFO org.springframework.boot.test.autoconfigure.web.servlet.WebMvcTestContextBootstrapper [Test worker] Neither @ContextConfiguration nor @ContextHierarchy found for test class [ee.taltech.java1127.SynonymControllerTest], using SpringBootContextLoader
2019-11-12 21:02:23,924 INFO org.springframework.test.context.support.AbstractContextLoader [Test worker] Could not detect default resource locations for test class [ee.taltech.java1127.SynonymControllerTest]: no resource found for suffixes {-context.xml, Context.groovy}.
2019-11-12 21:02:23,925 INFO org.springframework.test.context.support.AnnotationConfigContextLoaderUtils [Test worker] Could not detect default configuration classes for test class [ee.taltech.java1127.SynonymControllerTest]: SynonymControllerTest does not declare any static, non-private, non-final, nested classes annotated with @Configuration.
2019-11-12 21:02:24,046 INFO org.springframework.boot.test.context.SpringBootTestContextBootstrapper [Test worker] Found @SpringBootConfiguration ee.taltech.java1127.Java1127Application for test class ee.taltech.java1127.SynonymControllerTest
2019-11-12 21:02:24,048 INFO org.springframework.boot.test.autoconfigure.web.servlet.WebMvcTestContextBootstrapper [Test worker] Loaded default TestExecutionListener class names from location [META-INF/spring.factories]: [org.springframework.boot.test.autoconfigure.restdocs.RestDocsTestExecutionListener, org.springframework.boot.test.autoconfigure.web.client.MockRestServiceServerResetTestExecutionListener, org.springframework.boot.test.autoconfigure.web.servlet.MockMvcPrintOnlyOnFailureTestExecutionListener, org.springframework.boot.test.autoconfigure.web.servlet.WebDriverTestExecutionListener, org.springframework.boot.test.mock.mockito.MockitoTestExecutionListener, org.springframework.boot.test.mock.mockito.ResetMocksTestExecutionListener, org.springframework.test.context.web.ServletTestExecutionListener, org.springframework.test.context.support.DirtiesContextBeforeModesTestExecutionListener, org.springframework.test.context.support.DependencyInjectionTestExecutionListener, org.springframework.test.context.support.DirtiesContextTestExecutionListener, org.springframework.test.context.transaction.TransactionalTestExecutionListener, org.springframework.test.context.jdbc.SqlScriptsTestExecutionListener]
2019-11-12 21:02:24,062 INFO org.springframework.boot.test.autoconfigure.web.servlet.WebMvcTestContextBootstrapper [Test worker] Using TestExecutionListeners: [org.springframework.test.context.web.ServletTestExecutionListener@3e925db4, org.springframework.test.context.support.DirtiesContextBeforeModesTestExecutionListener@151ca861, org.springframework.boot.test.mock.mockito.MockitoTestExecutionListener@5c3f93d9, org.springframework.boot.test.autoconfigure.SpringBootDependencyInjectionTestExecutionListener@235dfa80, org.springframework.test.context.support.DirtiesContextTestExecutionListener@f8e6ca2, org.springframework.test.context.transaction.TransactionalTestExecutionListener@7fa19292, org.springframework.test.context.jdbc.SqlScriptsTestExecutionListener@5fa067e4, org.springframework.boot.test.autoconfigure.restdocs.RestDocsTestExecutionListener@13650f6a, org.springframework.boot.test.autoconfigure.web.client.MockRestServiceServerResetTestExecutionListener@6ff28ad8, org.springframework.boot.test.autoconfigure.web.servlet.MockMvcPrintOnlyOnFailureTestExecutionListener@1cb4a0b6, org.springframework.boot.test.autoconfigure.web.servlet.WebDriverTestExecutionListener@40f76b83, org.springframework.boot.test.mock.mockito.ResetMocksTestExecutionListener@7b5222a8]
2019-11-12 21:02:24,486 INFO ee.taltech.java1127.SynonymControllerTest [Test worker] Starting SynonymControllerTest on MSI with PID 6192 (started by vlad comp in C:\Users\vladislav\Desktop\Programmes\Projects\it_second_year\iti0203-2019-java-infosystem\java-1127)
2019-11-12 21:02:24,488 INFO ee.taltech.java1127.SynonymControllerTest [Test worker] No active profile set, falling back to default profiles: default
2019-11-12 21:02:26,606 INFO org.springframework.boot.test.mock.web.SpringBootMockServletContext [Test worker] Initializing Spring TestDispatcherServlet ''
2019-11-12 21:02:26,607 INFO org.springframework.test.web.servlet.TestDispatcherServlet [Test worker] Initializing Servlet ''
2019-11-12 21:02:26,627 INFO org.springframework.test.web.servlet.TestDispatcherServlet [Test worker] Completed initialization in 20 ms
2019-11-12 21:02:26,662 INFO ee.taltech.java1127.SynonymControllerTest [Test worker] Started SynonymControllerTest in 2.463 seconds (JVM running for 3.858)
2019-11-12 21:02:26,925 WARN org.springframework.web.servlet.mvc.support.DefaultHandlerExceptionResolver [Test worker] Resolved [org.springframework.http.converter.HttpMessageNotReadableException: JSON parse error: Unexpected character (',' (code 44)): expected a value; nested exception is com.fasterxml.jackson.core.JsonParseException: Unexpected character (',' (code 44)): expected a value
 at [Source: (PushbackInputStream); line: 1, column: 13]]
2019-11-12 21:02:26,937 WARN org.springframework.web.servlet.mvc.support.DefaultHandlerExceptionResolver [Test worker] Resolved [org.springframework.http.converter.HttpMessageNotReadableException: JSON parse error: Unexpected character (',' (code 44)): expected a value; nested exception is com.fasterxml.jackson.core.JsonParseException: Unexpected character (',' (code 44)): expected a value
 at [Source: (PushbackInputStream); line: 1, column: 26]]
2019-11-12 21:02:27,004 WARN org.springframework.web.servlet.mvc.support.DefaultHandlerExceptionResolver [Test worker] Resolved [org.springframework.http.converter.HttpMessageNotReadableException: JSON parse error: Unexpected character (',' (code 44)): expected a value; nested exception is com.fasterxml.jackson.core.JsonParseException: Unexpected character (',' (code 44)): expected a value
 at [Source: (PushbackInputStream); line: 1, column: 50]]
2019-11-12 21:02:27,016 INFO org.springframework.boot.test.autoconfigure.web.servlet.WebMvcTestContextBootstrapper [Test worker] Neither @ContextConfiguration nor @ContextHierarchy found for test class [ee.taltech.java1127.UserControllerTest], using SpringBootContextLoader
2019-11-12 21:02:27,017 INFO org.springframework.test.context.support.AbstractContextLoader [Test worker] Could not detect default resource locations for test class [ee.taltech.java1127.UserControllerTest]: no resource found for suffixes {-context.xml, Context.groovy}.
2019-11-12 21:02:27,017 INFO org.springframework.test.context.support.AnnotationConfigContextLoaderUtils [Test worker] Could not detect default configuration classes for test class [ee.taltech.java1127.UserControllerTest]: UserControllerTest does not declare any static, non-private, non-final, nested classes annotated with @Configuration.
2019-11-12 21:02:27,021 INFO org.springframework.boot.test.context.SpringBootTestContextBootstrapper [Test worker] Found @SpringBootConfiguration ee.taltech.java1127.Java1127Application for test class ee.taltech.java1127.UserControllerTest
2019-11-12 21:02:27,022 INFO org.springframework.boot.test.autoconfigure.web.servlet.WebMvcTestContextBootstrapper [Test worker] Loaded default TestExecutionListener class names from location [META-INF/spring.factories]: [org.springframework.boot.test.autoconfigure.restdocs.RestDocsTestExecutionListener, org.springframework.boot.test.autoconfigure.web.client.MockRestServiceServerResetTestExecutionListener, org.springframework.boot.test.autoconfigure.web.servlet.MockMvcPrintOnlyOnFailureTestExecutionListener, org.springframework.boot.test.autoconfigure.web.servlet.WebDriverTestExecutionListener, org.springframework.boot.test.mock.mockito.MockitoTestExecutionListener, org.springframework.boot.test.mock.mockito.ResetMocksTestExecutionListener, org.springframework.test.context.web.ServletTestExecutionListener, org.springframework.test.context.support.DirtiesContextBeforeModesTestExecutionListener, org.springframework.test.context.support.DependencyInjectionTestExecutionListener, org.springframework.test.context.support.DirtiesContextTestExecutionListener, org.springframework.test.context.transaction.TransactionalTestExecutionListener, org.springframework.test.context.jdbc.SqlScriptsTestExecutionListener]
2019-11-12 21:02:27,022 INFO org.springframework.boot.test.autoconfigure.web.servlet.WebMvcTestContextBootstrapper [Test worker] Using TestExecutionListeners: [org.springframework.test.context.web.ServletTestExecutionListener@50232a30, org.springframework.test.context.support.DirtiesContextBeforeModesTestExecutionListener@6010abcf, org.springframework.boot.test.mock.mockito.MockitoTestExecutionListener@56c945fb, org.springframework.boot.test.autoconfigure.SpringBootDependencyInjectionTestExecutionListener@6206ebd2, org.springframework.test.context.support.DirtiesContextTestExecutionListener@2bbd2f08, org.springframework.test.context.transaction.TransactionalTestExecutionListener@4e16b763, org.springframework.test.context.jdbc.SqlScriptsTestExecutionListener@526cd5c7, org.springframework.boot.test.autoconfigure.restdocs.RestDocsTestExecutionListener@7e1fc23, org.springframework.boot.test.autoconfigure.web.client.MockRestServiceServerResetTestExecutionListener@45e646b8, org.springframework.boot.test.autoconfigure.web.servlet.MockMvcPrintOnlyOnFailureTestExecutionListener@3e304cc8, org.springframework.boot.test.autoconfigure.web.servlet.WebDriverTestExecutionListener@ac66424, org.springframework.boot.test.mock.mockito.ResetMocksTestExecutionListener@24e81bb]
2019-11-12 21:02:27,055 INFO ee.taltech.java1127.UserControllerTest [Test worker] Starting UserControllerTest on MSI with PID 6192 (started by vlad comp in C:\Users\vladislav\Desktop\Programmes\Projects\it_second_year\iti0203-2019-java-infosystem\java-1127)
2019-11-12 21:02:27,056 INFO ee.taltech.java1127.UserControllerTest [Test worker] No active profile set, falling back to default profiles: default
2019-11-12 21:02:27,521 INFO org.springframework.boot.test.mock.web.SpringBootMockServletContext [Test worker] Initializing Spring TestDispatcherServlet ''
2019-11-12 21:02:27,522 INFO org.springframework.test.web.servlet.TestDispatcherServlet [Test worker] Initializing Servlet ''
2019-11-12 21:02:27,531 INFO org.springframework.test.web.servlet.TestDispatcherServlet [Test worker] Completed initialization in 9 ms
2019-11-12 21:02:27,546 INFO ee.taltech.java1127.UserControllerTest [Test worker] Started UserControllerTest in 0.521 seconds (JVM running for 4.742)
2019-11-12 21:02:27,559 WARN org.springframework.web.servlet.mvc.support.DefaultHandlerExceptionResolver [Test worker] Resolved [org.springframework.http.converter.HttpMessageNotReadableException: JSON parse error: Unexpected character ('}' (code 125)): was expecting a colon to separate field name and value; nested exception is com.fasterxml.jackson.core.JsonParseException: Unexpected character ('}' (code 125)): was expecting a colon to separate field name and value
 at [Source: (PushbackInputStream); line: 1, column: 10]]
2019-11-12 21:02:27,585 INFO org.springframework.boot.test.autoconfigure.web.servlet.WebMvcTestContextBootstrapper [Test worker] Neither @ContextConfiguration nor @ContextHierarchy found for test class [ee.taltech.java1127.WordControllerTest], using SpringBootContextLoader
2019-11-12 21:02:27,586 INFO org.springframework.test.context.support.AbstractContextLoader [Test worker] Could not detect default resource locations for test class [ee.taltech.java1127.WordControllerTest]: no resource found for suffixes {-context.xml, Context.groovy}.
2019-11-12 21:02:27,586 INFO org.springframework.test.context.support.AnnotationConfigContextLoaderUtils [Test worker] Could not detect default configuration classes for test class [ee.taltech.java1127.WordControllerTest]: WordControllerTest does not declare any static, non-private, non-final, nested classes annotated with @Configuration.
2019-11-12 21:02:27,592 INFO org.springframework.boot.test.context.SpringBootTestContextBootstrapper [Test worker] Found @SpringBootConfiguration ee.taltech.java1127.Java1127Application for test class ee.taltech.java1127.WordControllerTest
2019-11-12 21:02:27,593 INFO org.springframework.boot.test.autoconfigure.web.servlet.WebMvcTestContextBootstrapper [Test worker] Loaded default TestExecutionListener class names from location [META-INF/spring.factories]: [org.springframework.boot.test.autoconfigure.restdocs.RestDocsTestExecutionListener, org.springframework.boot.test.autoconfigure.web.client.MockRestServiceServerResetTestExecutionListener, org.springframework.boot.test.autoconfigure.web.servlet.MockMvcPrintOnlyOnFailureTestExecutionListener, org.springframework.boot.test.autoconfigure.web.servlet.WebDriverTestExecutionListener, org.springframework.boot.test.mock.mockito.MockitoTestExecutionListener, org.springframework.boot.test.mock.mockito.ResetMocksTestExecutionListener, org.springframework.test.context.web.ServletTestExecutionListener, org.springframework.test.context.support.DirtiesContextBeforeModesTestExecutionListener, org.springframework.test.context.support.DependencyInjectionTestExecutionListener, org.springframework.test.context.support.DirtiesContextTestExecutionListener, org.springframework.test.context.transaction.TransactionalTestExecutionListener, org.springframework.test.context.jdbc.SqlScriptsTestExecutionListener]
2019-11-12 21:02:27,593 INFO org.springframework.boot.test.autoconfigure.web.servlet.WebMvcTestContextBootstrapper [Test worker] Using TestExecutionListeners: [org.springframework.test.context.web.ServletTestExecutionListener@3455707d, org.springframework.test.context.support.DirtiesContextBeforeModesTestExecutionListener@1916d4f2, org.springframework.boot.test.mock.mockito.MockitoTestExecutionListener@632883a8, org.springframework.boot.test.autoconfigure.SpringBootDependencyInjectionTestExecutionListener@56b7c7, org.springframework.test.context.support.DirtiesContextTestExecutionListener@1f9fe928, org.springframework.test.context.transaction.TransactionalTestExecutionListener@30010f6d, org.springframework.test.context.jdbc.SqlScriptsTestExecutionListener@1713ef06, org.springframework.boot.test.autoconfigure.restdocs.RestDocsTestExecutionListener@22ce9aac, org.springframework.boot.test.autoconfigure.web.client.MockRestServiceServerResetTestExecutionListener@4278f174, org.springframework.boot.test.autoconfigure.web.servlet.MockMvcPrintOnlyOnFailureTestExecutionListener@7abaf431, org.springframework.boot.test.autoconfigure.web.servlet.WebDriverTestExecutionListener@72d94fbf, org.springframework.boot.test.mock.mockito.ResetMocksTestExecutionListener@2414a0b2]
2019-11-12 21:02:27,624 INFO ee.taltech.java1127.WordControllerTest [Test worker] Starting WordControllerTest on MSI with PID 6192 (started by vlad comp in C:\Users\vladislav\Desktop\Programmes\Projects\it_second_year\iti0203-2019-java-infosystem\java-1127)
2019-11-12 21:02:27,625 INFO ee.taltech.java1127.WordControllerTest [Test worker] No active profile set, falling back to default profiles: default
2019-11-12 21:02:28,041 INFO org.springframework.boot.test.mock.web.SpringBootMockServletContext [Test worker] Initializing Spring TestDispatcherServlet ''
2019-11-12 21:02:28,042 INFO org.springframework.test.web.servlet.TestDispatcherServlet [Test worker] Initializing Servlet ''
2019-11-12 21:02:28,051 INFO org.springframework.test.web.servlet.TestDispatcherServlet [Test worker] Completed initialization in 9 ms
2019-11-12 21:02:28,068 INFO ee.taltech.java1127.WordControllerTest [Test worker] Started WordControllerTest in 0.472 seconds (JVM running for 5.264)
2019-11-12 21:02:28,096 WARN org.springframework.web.servlet.mvc.support.DefaultHandlerExceptionResolver [Test worker] Resolved [org.springframework.http.converter.HttpMessageNotReadableException: JSON parse error: Unexpected character (',' (code 44)): expected a value; nested exception is com.fasterxml.jackson.core.JsonParseException: Unexpected character (',' (code 44)): expected a value
 at [Source: (PushbackInputStream); line: 1, column: 22]]
2019-11-12 21:02:28,101 WARN org.springframework.web.servlet.mvc.support.DefaultHandlerExceptionResolver [Test worker] Resolved [org.springframework.http.converter.HttpMessageNotReadableException: JSON parse error: Unexpected character (',' (code 44)): expected a value; nested exception is com.fasterxml.jackson.core.JsonParseException: Unexpected character (',' (code 44)): expected a value
 at [Source: (PushbackInputStream); line: 1, column: 13]]
2019-11-12 21:22:37,530 INFO org.springframework.boot.test.autoconfigure.web.servlet.WebMvcTestContextBootstrapper [Test worker] Neither @ContextConfiguration nor @ContextHierarchy found for test class [ee.taltech.java1127.SynonymControllerTest], using SpringBootContextLoader
2019-11-12 21:22:37,539 INFO org.springframework.test.context.support.AbstractContextLoader [Test worker] Could not detect default resource locations for test class [ee.taltech.java1127.SynonymControllerTest]: no resource found for suffixes {-context.xml, Context.groovy}.
2019-11-12 21:22:37,539 INFO org.springframework.test.context.support.AnnotationConfigContextLoaderUtils [Test worker] Could not detect default configuration classes for test class [ee.taltech.java1127.SynonymControllerTest]: SynonymControllerTest does not declare any static, non-private, non-final, nested classes annotated with @Configuration.
2019-11-12 21:22:37,670 INFO org.springframework.boot.test.context.SpringBootTestContextBootstrapper [Test worker] Found @SpringBootConfiguration ee.taltech.java1127.Java1127Application for test class ee.taltech.java1127.SynonymControllerTest
2019-11-12 21:22:37,673 INFO org.springframework.boot.test.autoconfigure.web.servlet.WebMvcTestContextBootstrapper [Test worker] Loaded default TestExecutionListener class names from location [META-INF/spring.factories]: [org.springframework.boot.test.autoconfigure.restdocs.RestDocsTestExecutionListener, org.springframework.boot.test.autoconfigure.web.client.MockRestServiceServerResetTestExecutionListener, org.springframework.boot.test.autoconfigure.web.servlet.MockMvcPrintOnlyOnFailureTestExecutionListener, org.springframework.boot.test.autoconfigure.web.servlet.WebDriverTestExecutionListener, org.springframework.boot.test.mock.mockito.MockitoTestExecutionListener, org.springframework.boot.test.mock.mockito.ResetMocksTestExecutionListener, org.springframework.test.context.web.ServletTestExecutionListener, org.springframework.test.context.support.DirtiesContextBeforeModesTestExecutionListener, org.springframework.test.context.support.DependencyInjectionTestExecutionListener, org.springframework.test.context.support.DirtiesContextTestExecutionListener, org.springframework.test.context.transaction.TransactionalTestExecutionListener, org.springframework.test.context.jdbc.SqlScriptsTestExecutionListener]
2019-11-12 21:22:37,690 INFO org.springframework.boot.test.autoconfigure.web.servlet.WebMvcTestContextBootstrapper [Test worker] Using TestExecutionListeners: [org.springframework.test.context.web.ServletTestExecutionListener@33966e2a, org.springframework.test.context.support.DirtiesContextBeforeModesTestExecutionListener@1b4426db, org.springframework.boot.test.mock.mockito.MockitoTestExecutionListener@70b3487d, org.springframework.boot.test.autoconfigure.SpringBootDependencyInjectionTestExecutionListener@64736106, org.springframework.test.context.support.DirtiesContextTestExecutionListener@6494b49c, org.springframework.test.context.transaction.TransactionalTestExecutionListener@5edc342b, org.springframework.test.context.jdbc.SqlScriptsTestExecutionListener@34c66f2d, org.springframework.boot.test.autoconfigure.restdocs.RestDocsTestExecutionListener@4b4253e2, org.springframework.boot.test.autoconfigure.web.client.MockRestServiceServerResetTestExecutionListener@ab33e42, org.springframework.boot.test.autoconfigure.web.servlet.MockMvcPrintOnlyOnFailureTestExecutionListener@35713e53, org.springframework.boot.test.autoconfigure.web.servlet.WebDriverTestExecutionListener@324980d7, org.springframework.boot.test.mock.mockito.ResetMocksTestExecutionListener@6bcd083f]
2019-11-12 21:22:38,183 INFO ee.taltech.java1127.SynonymControllerTest [Test worker] Starting SynonymControllerTest on MSI with PID 11284 (started by vlad comp in C:\Users\vladislav\Desktop\Programmes\Projects\it_second_year\iti0203-2019-java-infosystem\java-1127)
2019-11-12 21:22:38,185 INFO ee.taltech.java1127.SynonymControllerTest [Test worker] No active profile set, falling back to default profiles: default
2019-11-12 21:22:40,234 INFO org.springframework.boot.test.mock.web.SpringBootMockServletContext [Test worker] Initializing Spring TestDispatcherServlet ''
2019-11-12 21:22:40,234 INFO org.springframework.test.web.servlet.TestDispatcherServlet [Test worker] Initializing Servlet ''
2019-11-12 21:22:40,251 INFO org.springframework.test.web.servlet.TestDispatcherServlet [Test worker] Completed initialization in 16 ms
2019-11-12 21:22:40,281 INFO ee.taltech.java1127.SynonymControllerTest [Test worker] Started SynonymControllerTest in 2.445 seconds (JVM running for 4.089)
2019-11-12 21:22:40,607 INFO org.springframework.boot.test.autoconfigure.web.servlet.WebMvcTestContextBootstrapper [Test worker] Neither @ContextConfiguration nor @ContextHierarchy found for test class [ee.taltech.java1127.UserControllerTest], using SpringBootContextLoader
2019-11-12 21:22:40,608 INFO org.springframework.test.context.support.AbstractContextLoader [Test worker] Could not detect default resource locations for test class [ee.taltech.java1127.UserControllerTest]: no resource found for suffixes {-context.xml, Context.groovy}.
2019-11-12 21:22:40,608 INFO org.springframework.test.context.support.AnnotationConfigContextLoaderUtils [Test worker] Could not detect default configuration classes for test class [ee.taltech.java1127.UserControllerTest]: UserControllerTest does not declare any static, non-private, non-final, nested classes annotated with @Configuration.
2019-11-12 21:22:40,612 INFO org.springframework.boot.test.context.SpringBootTestContextBootstrapper [Test worker] Found @SpringBootConfiguration ee.taltech.java1127.Java1127Application for test class ee.taltech.java1127.UserControllerTest
2019-11-12 21:22:40,613 INFO org.springframework.boot.test.autoconfigure.web.servlet.WebMvcTestContextBootstrapper [Test worker] Loaded default TestExecutionListener class names from location [META-INF/spring.factories]: [org.springframework.boot.test.autoconfigure.restdocs.RestDocsTestExecutionListener, org.springframework.boot.test.autoconfigure.web.client.MockRestServiceServerResetTestExecutionListener, org.springframework.boot.test.autoconfigure.web.servlet.MockMvcPrintOnlyOnFailureTestExecutionListener, org.springframework.boot.test.autoconfigure.web.servlet.WebDriverTestExecutionListener, org.springframework.boot.test.mock.mockito.MockitoTestExecutionListener, org.springframework.boot.test.mock.mockito.ResetMocksTestExecutionListener, org.springframework.test.context.web.ServletTestExecutionListener, org.springframework.test.context.support.DirtiesContextBeforeModesTestExecutionListener, org.springframework.test.context.support.DependencyInjectionTestExecutionListener, org.springframework.test.context.support.DirtiesContextTestExecutionListener, org.springframework.test.context.transaction.TransactionalTestExecutionListener, org.springframework.test.context.jdbc.SqlScriptsTestExecutionListener]
2019-11-12 21:22:40,613 INFO org.springframework.boot.test.autoconfigure.web.servlet.WebMvcTestContextBootstrapper [Test worker] Using TestExecutionListeners: [org.springframework.test.context.web.ServletTestExecutionListener@4d73d32a, org.springframework.test.context.support.DirtiesContextBeforeModesTestExecutionListener@498b495a, org.springframework.boot.test.mock.mockito.MockitoTestExecutionListener@321827f7, org.springframework.boot.test.autoconfigure.SpringBootDependencyInjectionTestExecutionListener@36e7b779, org.springframework.test.context.support.DirtiesContextTestExecutionListener@655ec80c, org.springframework.test.context.transaction.TransactionalTestExecutionListener@760c8c64, org.springframework.test.context.jdbc.SqlScriptsTestExecutionListener@5583acd, org.springframework.boot.test.autoconfigure.restdocs.RestDocsTestExecutionListener@e8f1960, org.springframework.boot.test.autoconfigure.web.client.MockRestServiceServerResetTestExecutionListener@1d82be15, org.springframework.boot.test.autoconfigure.web.servlet.MockMvcPrintOnlyOnFailureTestExecutionListener@fff6e6d, org.springframework.boot.test.autoconfigure.web.servlet.WebDriverTestExecutionListener@4bb5a30d, org.springframework.boot.test.mock.mockito.ResetMocksTestExecutionListener@3d07f702]
2019-11-12 21:22:40,645 INFO ee.taltech.java1127.UserControllerTest [Test worker] Starting UserControllerTest on MSI with PID 11284 (started by vlad comp in C:\Users\vladislav\Desktop\Programmes\Projects\it_second_year\iti0203-2019-java-infosystem\java-1127)
2019-11-12 21:22:40,646 INFO ee.taltech.java1127.UserControllerTest [Test worker] No active profile set, falling back to default profiles: default
2019-11-12 21:22:41,098 INFO org.springframework.boot.test.mock.web.SpringBootMockServletContext [Test worker] Initializing Spring TestDispatcherServlet ''
2019-11-12 21:22:41,098 INFO org.springframework.test.web.servlet.TestDispatcherServlet [Test worker] Initializing Servlet ''
2019-11-12 21:22:41,107 INFO org.springframework.test.web.servlet.TestDispatcherServlet [Test worker] Completed initialization in 9 ms
2019-11-12 21:22:41,121 INFO ee.taltech.java1127.UserControllerTest [Test worker] Started UserControllerTest in 0.506 seconds (JVM running for 4.928)
2019-11-12 21:22:41,157 INFO org.springframework.boot.test.autoconfigure.web.servlet.WebMvcTestContextBootstrapper [Test worker] Neither @ContextConfiguration nor @ContextHierarchy found for test class [ee.taltech.java1127.WordControllerTest], using SpringBootContextLoader
2019-11-12 21:22:41,158 INFO org.springframework.test.context.support.AbstractContextLoader [Test worker] Could not detect default resource locations for test class [ee.taltech.java1127.WordControllerTest]: no resource found for suffixes {-context.xml, Context.groovy}.
2019-11-12 21:22:41,158 INFO org.springframework.test.context.support.AnnotationConfigContextLoaderUtils [Test worker] Could not detect default configuration classes for test class [ee.taltech.java1127.WordControllerTest]: WordControllerTest does not declare any static, non-private, non-final, nested classes annotated with @Configuration.
2019-11-12 21:22:41,164 INFO org.springframework.boot.test.context.SpringBootTestContextBootstrapper [Test worker] Found @SpringBootConfiguration ee.taltech.java1127.Java1127Application for test class ee.taltech.java1127.WordControllerTest
2019-11-12 21:22:41,165 INFO org.springframework.boot.test.autoconfigure.web.servlet.WebMvcTestContextBootstrapper [Test worker] Loaded default TestExecutionListener class names from location [META-INF/spring.factories]: [org.springframework.boot.test.autoconfigure.restdocs.RestDocsTestExecutionListener, org.springframework.boot.test.autoconfigure.web.client.MockRestServiceServerResetTestExecutionListener, org.springframework.boot.test.autoconfigure.web.servlet.MockMvcPrintOnlyOnFailureTestExecutionListener, org.springframework.boot.test.autoconfigure.web.servlet.WebDriverTestExecutionListener, org.springframework.boot.test.mock.mockito.MockitoTestExecutionListener, org.springframework.boot.test.mock.mockito.ResetMocksTestExecutionListener, org.springframework.test.context.web.ServletTestExecutionListener, org.springframework.test.context.support.DirtiesContextBeforeModesTestExecutionListener, org.springframework.test.context.support.DependencyInjectionTestExecutionListener, org.springframework.test.context.support.DirtiesContextTestExecutionListener, org.springframework.test.context.transaction.TransactionalTestExecutionListener, org.springframework.test.context.jdbc.SqlScriptsTestExecutionListener]
2019-11-12 21:22:41,165 INFO org.springframework.boot.test.autoconfigure.web.servlet.WebMvcTestContextBootstrapper [Test worker] Using TestExecutionListeners: [org.springframework.test.context.web.ServletTestExecutionListener@6f545a45, org.springframework.test.context.support.DirtiesContextBeforeModesTestExecutionListener@7326d363, org.springframework.boot.test.mock.mockito.MockitoTestExecutionListener@344ee340, org.springframework.boot.test.autoconfigure.SpringBootDependencyInjectionTestExecutionListener@590547d8, org.springframework.test.context.support.DirtiesContextTestExecutionListener@14cea8cf, org.springframework.test.context.transaction.TransactionalTestExecutionListener@51b6ccfe, org.springframework.test.context.jdbc.SqlScriptsTestExecutionListener@1221716b, org.springframework.boot.test.autoconfigure.restdocs.RestDocsTestExecutionListener@61e9df70, org.springframework.boot.test.autoconfigure.web.client.MockRestServiceServerResetTestExecutionListener@808b52, org.springframework.boot.test.autoconfigure.web.servlet.MockMvcPrintOnlyOnFailureTestExecutionListener@67b67680, org.springframework.boot.test.autoconfigure.web.servlet.WebDriverTestExecutionListener@7e85f934, org.springframework.boot.test.mock.mockito.ResetMocksTestExecutionListener@51b8abcb]
2019-11-12 21:22:41,194 INFO ee.taltech.java1127.WordControllerTest [Test worker] Starting WordControllerTest on MSI with PID 11284 (started by vlad comp in C:\Users\vladislav\Desktop\Programmes\Projects\it_second_year\iti0203-2019-java-infosystem\java-1127)
2019-11-12 21:22:41,195 INFO ee.taltech.java1127.WordControllerTest [Test worker] No active profile set, falling back to default profiles: default
2019-11-12 21:22:41,626 INFO org.springframework.boot.test.mock.web.SpringBootMockServletContext [Test worker] Initializing Spring TestDispatcherServlet ''
2019-11-12 21:22:41,626 INFO org.springframework.test.web.servlet.TestDispatcherServlet [Test worker] Initializing Servlet ''
2019-11-12 21:22:41,634 INFO org.springframework.test.web.servlet.TestDispatcherServlet [Test worker] Completed initialization in 8 ms
2019-11-12 21:22:41,650 INFO ee.taltech.java1127.WordControllerTest [Test worker] Started WordControllerTest in 0.482 seconds (JVM running for 5.458)
